
=== Tue May  5 21:50:13 2020

Packages were changed.
Update Mode: mergeDefaultDependencies

The following packages were added:
  com.unity.ext.nunit@1.0.0
  com.unity.test-framework@1.0.14
  com.unity.ide.vscode@1.0.7
  com.unity.ide.visualstudio@1.0.11
  com.unity.ide.rider@1.0.8
  com.unity.ugui@1.0.0
  com.unity.modules.androidjni@1.0.0
The following packages were updated:
  com.unity.collab-proxy from version 1.2.9 to 1.2.16
  com.unity.textmeshpro from version 2.0.0 to 2.0.1
  com.unity.timeline from version 0.0.0-builtin to 1.1.0

=== Tue May  5 21:58:18 2020

Packages were changed.
Update Mode: mergeDefaultDependencies

The following packages were added:
  com.unity.connect.share@1.2.0-preview.1
  com.unity.learn.iet-framework@0.3.0-preview.5
  com.unity.probuilder@4.2.3
  com.unity.progrids@3.0.3-preview.5
The following packages were updated:
  com.unity.ide.rider from version 1.0.8 to 1.1.4
  com.unity.ide.vscode from version 1.0.7 to 1.1.4
  com.unity.test-framework from version 1.0.14 to 1.1.11
  com.unity.timeline from version 1.1.0 to 1.2.12

=== Sun Aug  8 16:08:44 2021

Packages were changed.
Update Mode: updateDependencies

The following packages were updated:
  com.unity.ide.vscode from version 1.1.4 to 1.2.0
  com.unity.test-framework from version 1.1.11 to 1.1.13
